<?xml version="1.0" encoding="UTF-8"?>
<testsuite name="com.oblig1.o1.PollTest" tests="2" skipped="0" failures="0" errors="0" timestamp="2024-08-31T18:57:35" hostname="jonas-Yoga-7-14ITL5" time="0.007">
  <properties/>
  <testcase name="TestVoting()" classname="com.oblig1.o1.PollTest" time="0.005"/>
  <testcase name="TestCreatePoll()" classname="com.oblig1.o1.PollTest" time="0.001"/>
  <system-out><![CDATA[]]></system-out>
  <system-err><![CDATA[]]></system-err>
</testsuite>
