<?xml version="1.0" encoding="UTF-8"?>
<testsuite name="com.oblig1.o1.O1ApplicationTests" tests="1" skipped="0" failures="0" errors="0" timestamp="2024-08-31T18:57:34" hostname="jonas-Yoga-7-14ITL5" time="0.711">
  <properties/>
  <testcase name="contextLoads()" classname="com.oblig1.o1.O1ApplicationTests" time="0.711"/>
  <system-out><![CDATA[20:57:32.898 [Test worker] INFO org.springframework.test.context.support.AnnotationConfigContextLoaderUtils -- Could not detect default configuration classes for test class [com.oblig1.o1.O1ApplicationTests]: O1ApplicationTests does not declare any static, non-private, non-final, nested classes annotated with @Configuration.
20:57:32.997 [Test worker] INFO org.springframework.boot.test.context.SpringBootTestContextBootstrapper -- Found @SpringBootConfiguration com.oblig1.o1.O1Application for test class com.oblig1.o1.O1ApplicationTests

  .   ____          _            __ _ _
 /\\ / ___'_ __ _ _(_)_ __  __ _ \ \ \ \
( ( )\___ | '_ | '_| | '_ \/ _` | \ \ \ \
 \\/  ___)| |_)| | | | | || (_| |  ) ) ) )
  '  |____| .__|_| |_|_| |_\__, | / / / /
 =========|_|==============|___/=/_/_/_/

 :: Spring Boot ::                (v3.3.3)

2024-08-31T20:57:33.328+02:00  INFO 351194 --- [o1] [    Test worker] com.oblig1.o1.O1ApplicationTests         : Starting O1ApplicationTests using Java 21.0.3 with PID 351194 (started by jonas in /home/jonas/Skule/DAT250/Oblig1/DAT250-Oblig1)
2024-08-31T20:57:33.330+02:00  INFO 351194 --- [o1] [    Test worker] com.oblig1.o1.O1ApplicationTests         : No active profile set, falling back to 1 default profile: "default"
2024-08-31T20:57:34.311+02:00  INFO 351194 --- [o1] [    Test worker] com.oblig1.o1.O1ApplicationTests         : Started O1ApplicationTests in 1.189 seconds (process running for 2.206)
]]></system-out>
  <system-err><![CDATA[WARNING: A Java agent has been loaded dynamically (/home/jonas/.gradle/caches/modules-2/files-2.1/net.bytebuddy/byte-buddy-agent/1.14.19/154da3a65b4f4a909d3e5bdec55d1b2b4cbb6ce1/byte-buddy-agent-1.14.19.jar)
WARNING: If a serviceability tool is in use, please run with -XX:+EnableDynamicAgentLoading to hide this warning
WARNING: If a serviceability tool is not in use, please run with -Djdk.instrument.traceUsage for more information
WARNING: Dynamic loading of agents will be disallowed by default in a future release
]]></system-err>
</testsuite>
