<?xml version="1.0" encoding="UTF-8"?>
<testsuite name="com.oblig1.o1.DomainManagerTest" tests="6" skipped="0" failures="0" errors="0" timestamp="2024-09-02T06:18:11" hostname="jonas-Yoga-7-14ITL5" time="0.023">
  <properties/>
  <testcase name="removeUserTest()" classname="com.oblig1.o1.DomainManagerTest" time="0.014"/>
  <testcase name="removePollTest()" classname="com.oblig1.o1.DomainManagerTest" time="0.001"/>
  <testcase name="CreateUserTest()" classname="com.oblig1.o1.DomainManagerTest" time="0.001"/>
  <testcase name="castVoteTest()" classname="com.oblig1.o1.DomainManagerTest" time="0.001"/>
  <testcase name="CreatePollTest()" classname="com.oblig1.o1.DomainManagerTest" time="0.001"/>
  <testcase name="removeVoteTest()" classname="com.oblig1.o1.DomainManagerTest" time="0.0"/>
  <system-out><![CDATA[]]></system-out>
  <system-err><![CDATA[]]></system-err>
</testsuite>
